{"C:\\Users\\shann\\WebstormProjects\\asdfvibetribe-api\\config.js":{"path":"C:\\Users\\shann\\WebstormProjects\\asdfvibetribe-api\\config.js","s":{"1":1},"b":{"1":[1,1,1]},"f":{},"fnMap":{},"statementMap":{"1":{"start":{"line":1,"column":0},"end":{"line":42,"column":2}}},"branchMap":{"1":{"line":7,"type":"binary-expr","locations":[{"start":{"line":7,"column":10},"end":{"line":7,"column":26}},{"start":{"line":7,"column":31},"end":{"line":7,"column":46}},{"start":{"line":7,"column":50},"end":{"line":7,"column":54}}]}}},"C:\\Users\\shann\\WebstormProjects\\asdfvibetribe-api\\api\\user\\user.controller.js":{"path":"C:\\Users\\shann\\WebstormProjects\\asdfvibetribe-api\\api\\user\\user.controller.js","s":{"1":1,"2":1,"3":9,"4":9,"5":4,"6":5,"7":4,"8":2,"9":5},"b":{"1":[4,5]},"f":{},"fnMap":{},"statementMap":{"1":{"start":{"line":1,"column":0},"end":{"line":1,"column":43}},"2":{"start":{"line":3,"column":0},"end":{"line":29,"column":2}},"3":{"start":{"line":6,"column":8},"end":{"line":11,"column":15}},"4":{"start":{"line":9,"column":16},"end":{"line":9,"column":86}},"5":{"start":{"line":9,"column":38},"end":{"line":9,"column":86}},"6":{"start":{"line":10,"column":16},"end":{"line":10,"column":42}},"7":{"start":{"line":15,"column":8},"end":{"line":16,"column":26}},"8":{"start":{"line":20,"column":8},"end":{"line":21,"column":22}},"9":{"start":{"line":25,"column":8},"end":{"line":26,"column":35}}},"branchMap":{"1":{"line":9,"type":"if","locations":[{"start":{"line":9,"column":16},"end":{"line":9,"column":16}},{"start":{"line":9,"column":16},"end":{"line":9,"column":16}}]}}},"C:\\Users\\shann\\WebstormProjects\\asdfvibetribe-api\\api\\user\\user.model.js":{"path":"C:\\Users\\shann\\WebstormProjects\\asdfvibetribe-api\\api\\user\\user.model.js","s":{"1":1,"2":1,"3":1,"4":1,"5":1,"6":1,"7":5,"8":1,"9":5,"10":1},"b":{"1":[1,4]},"f":{"1":5},"fnMap":{"1":{"name":"(anonymous_1)","line":24,"loc":{"start":{"line":24,"column":23},"end":{"line":24,"column":38}}}},"statementMap":{"1":{"start":{"line":1,"column":0},"end":{"line":1,"column":53}},"2":{"start":{"line":2,"column":0},"end":{"line":2,"column":41}},"3":{"start":{"line":3,"column":0},"end":{"line":3,"column":37}},"4":{"start":{"line":4,"column":0},"end":{"line":4,"column":31}},"5":{"start":{"line":6,"column":0},"end":{"line":22,"column":3}},"6":{"start":{"line":24,"column":0},"end":{"line":27,"column":3}},"7":{"start":{"line":25,"column":4},"end":{"line":25,"column":63}},"8":{"start":{"line":25,"column":26},"end":{"line":25,"column":63}},"9":{"start":{"line":26,"column":4},"end":{"line":26,"column":11}},"10":{"start":{"line":29,"column":0},"end":{"line":29,"column":57}}},"branchMap":{"1":{"line":25,"type":"if","locations":[{"start":{"line":25,"column":4},"end":{"line":25,"column":4}},{"start":{"line":25,"column":4},"end":{"line":25,"column":4}}]}}},"C:\\Users\\shann\\WebstormProjects\\asdfvibetribe-api\\api\\chat\\chat.controller.js":{"path":"C:\\Users\\shann\\WebstormProjects\\asdfvibetribe-api\\api\\chat\\chat.controller.js","s":{"1":1,"2":1,"3":9,"4":9,"5":4,"6":5,"7":2,"8":2,"9":2,"10":4,"11":4,"12":2,"13":5},"b":{"1":[4,5]},"f":{},"fnMap":{},"statementMap":{"1":{"start":{"line":1,"column":0},"end":{"line":1,"column":43}},"2":{"start":{"line":3,"column":0},"end":{"line":48,"column":2}},"3":{"start":{"line":6,"column":8},"end":{"line":11,"column":15}},"4":{"start":{"line":9,"column":16},"end":{"line":10,"column":47}},"5":{"start":{"line":9,"column":38},"end":{"line":9,"column":82}},"6":{"start":{"line":10,"column":21},"end":{"line":10,"column":47}},"7":{"start":{"line":15,"column":8},"end":{"line":20,"column":15}},"8":{"start":{"line":18,"column":16},"end":{"line":18,"column":75}},"9":{"start":{"line":19,"column":16},"end":{"line":19,"column":35}},"10":{"start":{"line":24,"column":8},"end":{"line":26,"column":32}},"11":{"start":{"line":30,"column":8},"end":{"line":33,"column":32}},"12":{"start":{"line":37,"column":8},"end":{"line":40,"column":32}},"13":{"start":{"line":44,"column":8},"end":{"line":45,"column":35}}},"branchMap":{"1":{"line":9,"type":"if","locations":[{"start":{"line":9,"column":16},"end":{"line":9,"column":16}},{"start":{"line":9,"column":16},"end":{"line":9,"column":16}}]}}},"C:\\Users\\shann\\WebstormProjects\\asdfvibetribe-api\\api\\chat\\chat.model.js":{"path":"C:\\Users\\shann\\WebstormProjects\\asdfvibetribe-api\\api\\chat\\chat.model.js","s":{"1":1,"2":1,"3":1,"4":1,"5":1,"6":7,"7":1,"8":7,"9":7,"10":9,"11":7,"12":1,"13":26,"14":26,"15":34,"16":1},"b":{"1":[1,6]},"f":{"1":7},"fnMap":{"1":{"name":"(anonymous_1)","line":23,"loc":{"start":{"line":23,"column":23},"end":{"line":23,"column":38}}}},"statementMap":{"1":{"start":{"line":1,"column":0},"end":{"line":1,"column":47}},"2":{"start":{"line":2,"column":0},"end":{"line":2,"column":37}},"3":{"start":{"line":3,"column":0},"end":{"line":3,"column":31}},"4":{"start":{"line":5,"column":0},"end":{"line":20,"column":3}},"5":{"start":{"line":23,"column":0},"end":{"line":28,"column":3}},"6":{"start":{"line":24,"column":4},"end":{"line":24,"column":63}},"7":{"start":{"line":24,"column":26},"end":{"line":24,"column":63}},"8":{"start":{"line":25,"column":4},"end":{"line":25,"column":30}},"9":{"start":{"line":26,"column":4},"end":{"line":26,"column":82}},"10":{"start":{"line":26,"column":44},"end":{"line":26,"column":82}},"11":{"start":{"line":27,"column":4},"end":{"line":27,"column":11}},"12":{"start":{"line":30,"column":0},"end":{"line":33,"column":3}},"13":{"start":{"line":31,"column":4},"end":{"line":31,"column":44}},"14":{"start":{"line":32,"column":4},"end":{"line":32,"column":95}},"15":{"start":{"line":32,"column":44},"end":{"line":32,"column":95}},"16":{"start":{"line":35,"column":0},"end":{"line":35,"column":57}}},"branchMap":{"1":{"line":24,"type":"if","locations":[{"start":{"line":24,"column":4},"end":{"line":24,"column":4}},{"start":{"line":24,"column":4},"end":{"line":24,"column":4}}]}}},"C:\\Users\\shann\\WebstormProjects\\asdfvibetribe-api\\api\\util\\relative.js":{"path":"C:\\Users\\shann\\WebstormProjects\\asdfvibetribe-api\\api\\util\\relative.js","s":{"1":1,"2":1,"3":137},"b":{},"f":{},"fnMap":{},"statementMap":{"1":{"start":{"line":1,"column":0},"end":{"line":1,"column":33}},"2":{"start":{"line":3,"column":0},"end":{"line":5,"column":2}},"3":{"start":{"line":4,"column":4},"end":{"line":4,"column":51}}},"branchMap":{}},"C:\\Users\\shann\\WebstormProjects\\asdfvibetribe-api\\api\\post\\post.controller.js":{"path":"C:\\Users\\shann\\WebstormProjects\\asdfvibetribe-api\\api\\post\\post.controller.js","s":{"1":1,"2":1,"3":5,"4":2,"5":2,"6":2,"7":4,"8":4,"9":2,"10":5},"b":{},"f":{},"fnMap":{},"statementMap":{"1":{"start":{"line":1,"column":0},"end":{"line":1,"column":43}},"2":{"start":{"line":3,"column":0},"end":{"line":43,"column":2}},"3":{"start":{"line":6,"column":8},"end":{"line":6,"column":34}},"4":{"start":{"line":10,"column":8},"end":{"line":15,"column":15}},"5":{"start":{"line":13,"column":16},"end":{"line":13,"column":75}},"6":{"start":{"line":14,"column":16},"end":{"line":14,"column":35}},"7":{"start":{"line":19,"column":8},"end":{"line":21,"column":32}},"8":{"start":{"line":25,"column":8},"end":{"line":28,"column":32}},"9":{"start":{"line":32,"column":8},"end":{"line":35,"column":32}},"10":{"start":{"line":39,"column":8},"end":{"line":40,"column":35}}},"branchMap":{}},"C:\\Users\\shann\\WebstormProjects\\asdfvibetribe-api\\api\\post\\post.model.js":{"path":"C:\\Users\\shann\\WebstormProjects\\asdfvibetribe-api\\api\\post\\post.model.js","s":{"1":1,"2":1,"3":1,"4":1,"5":1,"6":7,"7":1,"8":7,"9":7,"10":9,"11":7,"12":1,"13":22,"14":22,"15":30,"16":1},"b":{"1":[1,6]},"f":{"1":7},"fnMap":{"1":{"name":"(anonymous_1)","line":22,"loc":{"start":{"line":22,"column":23},"end":{"line":22,"column":38}}}},"statementMap":{"1":{"start":{"line":1,"column":0},"end":{"line":1,"column":47}},"2":{"start":{"line":2,"column":0},"end":{"line":2,"column":37}},"3":{"start":{"line":3,"column":0},"end":{"line":3,"column":31}},"4":{"start":{"line":5,"column":0},"end":{"line":20,"column":3}},"5":{"start":{"line":22,"column":0},"end":{"line":27,"column":3}},"6":{"start":{"line":23,"column":4},"end":{"line":23,"column":63}},"7":{"start":{"line":23,"column":26},"end":{"line":23,"column":63}},"8":{"start":{"line":24,"column":4},"end":{"line":24,"column":30}},"9":{"start":{"line":25,"column":4},"end":{"line":25,"column":88}},"10":{"start":{"line":25,"column":50},"end":{"line":25,"column":88}},"11":{"start":{"line":26,"column":4},"end":{"line":26,"column":11}},"12":{"start":{"line":29,"column":0},"end":{"line":32,"column":3}},"13":{"start":{"line":30,"column":4},"end":{"line":30,"column":44}},"14":{"start":{"line":31,"column":4},"end":{"line":31,"column":101}},"15":{"start":{"line":31,"column":50},"end":{"line":31,"column":101}},"16":{"start":{"line":35,"column":0},"end":{"line":35,"column":57}}},"branchMap":{"1":{"line":23,"type":"if","locations":[{"start":{"line":23,"column":4},"end":{"line":23,"column":4}},{"start":{"line":23,"column":4},"end":{"line":23,"column":4}}]}}},"C:\\Users\\shann\\WebstormProjects\\asdfvibetribe-api\\api\\friend\\friend.controller.js":{"path":"C:\\Users\\shann\\WebstormProjects\\asdfvibetribe-api\\api\\friend\\friend.controller.js","s":{"1":1,"2":1,"3":9,"4":9,"5":4,"6":5,"7":4,"8":4,"9":2,"10":5},"b":{"1":[4,5]},"f":{},"fnMap":{},"statementMap":{"1":{"start":{"line":1,"column":0},"end":{"line":1,"column":47}},"2":{"start":{"line":3,"column":0},"end":{"line":39,"column":2}},"3":{"start":{"line":6,"column":8},"end":{"line":11,"column":15}},"4":{"start":{"line":9,"column":16},"end":{"line":9,"column":84}},"5":{"start":{"line":9,"column":38},"end":{"line":9,"column":84}},"6":{"start":{"line":10,"column":16},"end":{"line":10,"column":42}},"7":{"start":{"line":15,"column":8},"end":{"line":17,"column":32}},"8":{"start":{"line":21,"column":8},"end":{"line":24,"column":32}},"9":{"start":{"line":28,"column":8},"end":{"line":31,"column":32}},"10":{"start":{"line":35,"column":8},"end":{"line":36,"column":35}}},"branchMap":{"1":{"line":9,"type":"if","locations":[{"start":{"line":9,"column":16},"end":{"line":9,"column":16}},{"start":{"line":9,"column":16},"end":{"line":9,"column":16}}]}}},"C:\\Users\\shann\\WebstormProjects\\asdfvibetribe-api\\api\\friend\\friend.model.js":{"path":"C:\\Users\\shann\\WebstormProjects\\asdfvibetribe-api\\api\\friend\\friend.model.js","s":{"1":1,"2":1,"3":1,"4":1,"5":5,"6":1,"7":5,"8":1},"b":{"1":[1,4]},"f":{"1":5},"fnMap":{"1":{"name":"(anonymous_1)","line":11,"loc":{"start":{"line":11,"column":25},"end":{"line":11,"column":40}}}},"statementMap":{"1":{"start":{"line":1,"column":0},"end":{"line":1,"column":37}},"2":{"start":{"line":2,"column":0},"end":{"line":2,"column":31}},"3":{"start":{"line":4,"column":0},"end":{"line":9,"column":3}},"4":{"start":{"line":11,"column":0},"end":{"line":14,"column":3}},"5":{"start":{"line":12,"column":4},"end":{"line":12,"column":63}},"6":{"start":{"line":12,"column":26},"end":{"line":12,"column":63}},"7":{"start":{"line":13,"column":4},"end":{"line":13,"column":11}},"8":{"start":{"line":16,"column":0},"end":{"line":16,"column":63}}},"branchMap":{"1":{"line":12,"type":"if","locations":[{"start":{"line":12,"column":4},"end":{"line":12,"column":4}},{"start":{"line":12,"column":4},"end":{"line":12,"column":4}}]}}},"C:\\Users\\shann\\WebstormProjects\\asdfvibetribe-api\\api\\match\\match.controller.js":{"path":"C:\\Users\\shann\\WebstormProjects\\asdfvibetribe-api\\api\\match\\match.controller.js","s":{"1":1,"2":1,"3":9,"4":9,"5":4,"6":5,"7":4,"8":4,"9":2,"10":5},"b":{"1":[4,5]},"f":{},"fnMap":{},"statementMap":{"1":{"start":{"line":1,"column":0},"end":{"line":1,"column":45}},"2":{"start":{"line":3,"column":0},"end":{"line":39,"column":2}},"3":{"start":{"line":6,"column":8},"end":{"line":11,"column":15}},"4":{"start":{"line":9,"column":16},"end":{"line":9,"column":83}},"5":{"start":{"line":9,"column":38},"end":{"line":9,"column":83}},"6":{"start":{"line":10,"column":16},"end":{"line":10,"column":42}},"7":{"start":{"line":15,"column":8},"end":{"line":17,"column":32}},"8":{"start":{"line":21,"column":8},"end":{"line":24,"column":32}},"9":{"start":{"line":28,"column":8},"end":{"line":31,"column":32}},"10":{"start":{"line":35,"column":8},"end":{"line":36,"column":35}}},"branchMap":{"1":{"line":9,"type":"if","locations":[{"start":{"line":9,"column":16},"end":{"line":9,"column":16}},{"start":{"line":9,"column":16},"end":{"line":9,"column":16}}]}}},"C:\\Users\\shann\\WebstormProjects\\asdfvibetribe-api\\api\\match\\match.model.js":{"path":"C:\\Users\\shann\\WebstormProjects\\asdfvibetribe-api\\api\\match\\match.model.js","s":{"1":1,"2":1,"3":1,"4":1,"5":5,"6":1,"7":5,"8":1},"b":{"1":[1,4]},"f":{"1":5},"fnMap":{"1":{"name":"(anonymous_1)","line":11,"loc":{"start":{"line":11,"column":24},"end":{"line":11,"column":39}}}},"statementMap":{"1":{"start":{"line":1,"column":0},"end":{"line":1,"column":37}},"2":{"start":{"line":2,"column":0},"end":{"line":2,"column":31}},"3":{"start":{"line":4,"column":0},"end":{"line":9,"column":3}},"4":{"start":{"line":11,"column":0},"end":{"line":14,"column":3}},"5":{"start":{"line":12,"column":4},"end":{"line":12,"column":63}},"6":{"start":{"line":12,"column":26},"end":{"line":12,"column":63}},"7":{"start":{"line":13,"column":4},"end":{"line":13,"column":11}},"8":{"start":{"line":16,"column":0},"end":{"line":16,"column":60}}},"branchMap":{"1":{"line":12,"type":"if","locations":[{"start":{"line":12,"column":4},"end":{"line":12,"column":4}},{"start":{"line":12,"column":4},"end":{"line":12,"column":4}}]}}},"C:\\Users\\shann\\WebstormProjects\\asdfvibetribe-api\\api\\track\\track.controller.js":{"path":"C:\\Users\\shann\\WebstormProjects\\asdfvibetribe-api\\api\\track\\track.controller.js","s":{"1":1,"2":1,"3":1,"4":1,"5":1,"6":1,"7":1,"8":5,"9":4,"10":2,"11":2,"12":2,"13":4,"14":2,"15":2,"16":2,"17":2,"18":2,"19":4,"20":2,"21":2,"22":2,"23":4,"24":2,"25":5,"26":2,"27":1,"28":1,"29":2},"b":{"1":[2,2],"2":[2,2]},"f":{},"fnMap":{},"statementMap":{"1":{"start":{"line":1,"column":0},"end":{"line":1,"column":58}},"2":{"start":{"line":2,"column":0},"end":{"line":2,"column":54}},"3":{"start":{"line":3,"column":0},"end":{"line":3,"column":45}},"4":{"start":{"line":4,"column":0},"end":{"line":4,"column":43}},"5":{"start":{"line":5,"column":0},"end":{"line":5,"column":39}},"6":{"start":{"line":6,"column":0},"end":{"line":6,"column":30}},"7":{"start":{"line":9,"column":0},"end":{"line":83,"column":2}},"8":{"start":{"line":12,"column":8},"end":{"line":13,"column":26}},"9":{"start":{"line":17,"column":8},"end":{"line":19,"column":31}},"10":{"start":{"line":23,"column":8},"end":{"line":30,"column":15}},"11":{"start":{"line":26,"column":16},"end":{"line":28,"column":20}},"12":{"start":{"line":27,"column":20},"end":{"line":27,"column":99}},"13":{"start":{"line":27,"column":61},"end":{"line":27,"column":96}},"14":{"start":{"line":27,"column":81},"end":{"line":27,"column":96}},"15":{"start":{"line":29,"column":16},"end":{"line":29,"column":93}},"16":{"start":{"line":34,"column":8},"end":{"line":41,"column":15}},"17":{"start":{"line":37,"column":16},"end":{"line":39,"column":20}},"18":{"start":{"line":38,"column":20},"end":{"line":38,"column":95}},"19":{"start":{"line":38,"column":59},"end":{"line":38,"column":92}},"20":{"start":{"line":38,"column":78},"end":{"line":38,"column":92}},"21":{"start":{"line":40,"column":16},"end":{"line":40,"column":93}},"22":{"start":{"line":45,"column":8},"end":{"line":48,"column":31}},"23":{"start":{"line":52,"column":8},"end":{"line":55,"column":31}},"24":{"start":{"line":59,"column":8},"end":{"line":62,"column":31}},"25":{"start":{"line":66,"column":8},"end":{"line":67,"column":35}},"26":{"start":{"line":71,"column":8},"end":{"line":80,"column":15}},"27":{"start":{"line":73,"column":105},"end":{"line":73,"column":119}},"28":{"start":{"line":75,"column":100},"end":{"line":75,"column":121}},"29":{"start":{"line":78,"column":16},"end":{"line":78,"column":110}}},"branchMap":{"1":{"line":27,"type":"if","locations":[{"start":{"line":27,"column":61},"end":{"line":27,"column":61}},{"start":{"line":27,"column":61},"end":{"line":27,"column":61}}]},"2":{"line":38,"type":"if","locations":[{"start":{"line":38,"column":59},"end":{"line":38,"column":59}},{"start":{"line":38,"column":59},"end":{"line":38,"column":59}}]}}},"C:\\Users\\shann\\WebstormProjects\\asdfvibetribe-api\\api\\track\\track.model.js":{"path":"C:\\Users\\shann\\WebstormProjects\\asdfvibetribe-api\\api\\track\\track.model.js","s":{"1":1,"2":1,"3":1,"4":1,"5":1,"6":1,"7":5,"8":1,"9":5,"10":5,"11":1,"12":25,"13":1},"b":{"1":[1,4]},"f":{"1":5},"fnMap":{"1":{"name":"(anonymous_1)","line":24,"loc":{"start":{"line":24,"column":24},"end":{"line":24,"column":39}}}},"statementMap":{"1":{"start":{"line":1,"column":0},"end":{"line":1,"column":47}},"2":{"start":{"line":2,"column":0},"end":{"line":2,"column":41}},"3":{"start":{"line":3,"column":0},"end":{"line":3,"column":37}},"4":{"start":{"line":4,"column":0},"end":{"line":4,"column":31}},"5":{"start":{"line":6,"column":0},"end":{"line":21,"column":3}},"6":{"start":{"line":24,"column":0},"end":{"line":28,"column":3}},"7":{"start":{"line":25,"column":4},"end":{"line":25,"column":63}},"8":{"start":{"line":25,"column":26},"end":{"line":25,"column":63}},"9":{"start":{"line":26,"column":4},"end":{"line":26,"column":30}},"10":{"start":{"line":27,"column":4},"end":{"line":27,"column":11}},"11":{"start":{"line":30,"column":0},"end":{"line":32,"column":3}},"12":{"start":{"line":31,"column":4},"end":{"line":31,"column":46}},"13":{"start":{"line":34,"column":0},"end":{"line":34,"column":60}}},"branchMap":{"1":{"line":25,"type":"if","locations":[{"start":{"line":25,"column":4},"end":{"line":25,"column":4}},{"start":{"line":25,"column":4},"end":{"line":25,"column":4}}]}}},"C:\\Users\\shann\\WebstormProjects\\asdfvibetribe-api\\index.js":{"path":"C:\\Users\\shann\\WebstormProjects\\asdfvibetribe-api\\index.js","s":{"1":1,"2":1,"3":1,"4":1,"5":1,"6":1,"7":1,"8":1,"9":1,"10":1,"11":1,"12":1,"13":1,"14":1,"15":1,"16":1,"17":1,"18":1,"19":1,"20":1,"21":1,"22":1,"23":1,"24":1,"25":1,"26":1,"27":1,"28":0,"29":0,"30":1},"b":{"1":[0,1]},"f":{},"fnMap":{},"statementMap":{"1":{"start":{"line":1,"column":0},"end":{"line":1,"column":50}},"2":{"start":{"line":2,"column":0},"end":{"line":2,"column":42}},"3":{"start":{"line":3,"column":0},"end":{"line":3,"column":37}},"4":{"start":{"line":4,"column":0},"end":{"line":4,"column":35}},"5":{"start":{"line":5,"column":0},"end":{"line":5,"column":35}},"6":{"start":{"line":6,"column":0},"end":{"line":6,"column":35}},"7":{"start":{"line":7,"column":0},"end":{"line":7,"column":33}},"8":{"start":{"line":8,"column":0},"end":{"line":8,"column":29}},"9":{"start":{"line":9,"column":0},"end":{"line":9,"column":22}},"10":{"start":{"line":11,"column":0},"end":{"line":11,"column":34}},"11":{"start":{"line":12,"column":0},"end":{"line":12,"column":28}},"12":{"start":{"line":13,"column":0},"end":{"line":13,"column":71}},"13":{"start":{"line":13,"column":38},"end":{"line":13,"column":69}},"14":{"start":{"line":14,"column":0},"end":{"line":14,"column":90}},"15":{"start":{"line":14,"column":42},"end":{"line":14,"column":88}},"16":{"start":{"line":16,"column":0},"end":{"line":16,"column":23}},"17":{"start":{"line":17,"column":0},"end":{"line":17,"column":26}},"18":{"start":{"line":18,"column":0},"end":{"line":18,"column":27}},"19":{"start":{"line":19,"column":0},"end":{"line":19,"column":49}},"20":{"start":{"line":20,"column":0},"end":{"line":20,"column":54}},"21":{"start":{"line":22,"column":0},"end":{"line":22,"column":61}},"22":{"start":{"line":22,"column":27},"end":{"line":22,"column":59}},"23":{"start":{"line":23,"column":0},"end":{"line":23,"column":77}},"24":{"start":{"line":24,"column":0},"end":{"line":24,"column":73}},"25":{"start":{"line":25,"column":0},"end":{"line":25,"column":67}},"26":{"start":{"line":26,"column":0},"end":{"line":26,"column":21}},"27":{"start":{"line":28,"column":0},"end":{"line":28,"column":109}},"28":{"start":{"line":28,"column":20},"end":{"line":28,"column":107}},"29":{"start":{"line":28,"column":50},"end":{"line":28,"column":105}},"30":{"start":{"line":30,"column":0},"end":{"line":30,"column":21}}},"branchMap":{"1":{"line":28,"type":"if","locations":[{"start":{"line":28,"column":0},"end":{"line":28,"column":0}},{"start":{"line":28,"column":0},"end":{"line":28,"column":0}}]}}},"C:\\Users\\shann\\WebstormProjects\\asdfvibetribe-api\\api\\index.js":{"path":"C:\\Users\\shann\\WebstormProjects\\asdfvibetribe-api\\api\\index.js","s":{"1":1,"2":1,"3":1,"4":1,"5":1,"6":1,"7":1,"8":1},"b":{},"f":{},"fnMap":{},"statementMap":{"1":{"start":{"line":1,"column":0},"end":{"line":1,"column":43}},"2":{"start":{"line":3,"column":0},"end":{"line":3,"column":51}},"3":{"start":{"line":4,"column":0},"end":{"line":4,"column":51}},"4":{"start":{"line":5,"column":0},"end":{"line":5,"column":51}},"5":{"start":{"line":6,"column":0},"end":{"line":6,"column":54}},"6":{"start":{"line":7,"column":0},"end":{"line":7,"column":55}},"7":{"start":{"line":8,"column":0},"end":{"line":8,"column":57}},"8":{"start":{"line":10,"column":0},"end":{"line":10,"column":24}}},"branchMap":{}},"C:\\Users\\shann\\WebstormProjects\\asdfvibetribe-api\\api\\user\\user.route.js":{"path":"C:\\Users\\shann\\WebstormProjects\\asdfvibetribe-api\\api\\user\\user.route.js","s":{"1":1,"2":1,"3":1,"4":1,"5":6,"6":1,"7":3,"8":1,"9":1,"10":1,"11":3,"12":1},"b":{},"f":{},"fnMap":{},"statementMap":{"1":{"start":{"line":1,"column":0},"end":{"line":1,"column":48}},"2":{"start":{"line":2,"column":0},"end":{"line":2,"column":43}},"3":{"start":{"line":3,"column":0},"end":{"line":3,"column":41}},"4":{"start":{"line":5,"column":0},"end":{"line":10,"column":3}},"5":{"start":{"line":6,"column":4},"end":{"line":9,"column":38}},"6":{"start":{"line":12,"column":0},"end":{"line":17,"column":3}},"7":{"start":{"line":13,"column":4},"end":{"line":16,"column":38}},"8":{"start":{"line":19,"column":0},"end":{"line":24,"column":3}},"9":{"start":{"line":20,"column":4},"end":{"line":23,"column":38}},"10":{"start":{"line":26,"column":0},"end":{"line":31,"column":3}},"11":{"start":{"line":27,"column":4},"end":{"line":30,"column":38}},"12":{"start":{"line":33,"column":0},"end":{"line":33,"column":24}}},"branchMap":{}},"C:\\Users\\shann\\WebstormProjects\\asdfvibetribe-api\\api\\util\\status.js":{"path":"C:\\Users\\shann\\WebstormProjects\\asdfvibetribe-api\\api\\util\\status.js","s":{"1":1,"2":93,"3":81,"4":93,"5":12},"b":{},"f":{},"fnMap":{},"statementMap":{"1":{"start":{"line":1,"column":0},"end":{"line":11,"column":2}},"2":{"start":{"line":4,"column":8},"end":{"line":4,"column":52}},"3":{"start":{"line":4,"column":25},"end":{"line":4,"column":51}},"4":{"start":{"line":8,"column":8},"end":{"line":8,"column":62}},"5":{"start":{"line":8,"column":26},"end":{"line":8,"column":61}}},"branchMap":{}},"C:\\Users\\shann\\WebstormProjects\\asdfvibetribe-api\\api\\post\\post.route.js":{"path":"C:\\Users\\shann\\WebstormProjects\\asdfvibetribe-api\\api\\post\\post.route.js","s":{"1":1,"2":1,"3":1,"4":1,"5":3,"6":1,"7":3,"8":1,"9":1,"10":1,"11":3,"12":1,"13":1,"14":1,"15":3,"16":1},"b":{},"f":{},"fnMap":{},"statementMap":{"1":{"start":{"line":1,"column":0},"end":{"line":1,"column":48}},"2":{"start":{"line":2,"column":0},"end":{"line":2,"column":43}},"3":{"start":{"line":3,"column":0},"end":{"line":3,"column":41}},"4":{"start":{"line":67,"column":0},"end":{"line":72,"column":3}},"5":{"start":{"line":68,"column":4},"end":{"line":71,"column":38}},"6":{"start":{"line":131,"column":0},"end":{"line":136,"column":3}},"7":{"start":{"line":132,"column":4},"end":{"line":135,"column":38}},"8":{"start":{"line":138,"column":0},"end":{"line":143,"column":3}},"9":{"start":{"line":139,"column":4},"end":{"line":142,"column":38}},"10":{"start":{"line":299,"column":0},"end":{"line":304,"column":3}},"11":{"start":{"line":300,"column":4},"end":{"line":303,"column":38}},"12":{"start":{"line":458,"column":0},"end":{"line":463,"column":3}},"13":{"start":{"line":459,"column":4},"end":{"line":462,"column":38}},"14":{"start":{"line":522,"column":0},"end":{"line":527,"column":3}},"15":{"start":{"line":523,"column":4},"end":{"line":526,"column":38}},"16":{"start":{"line":529,"column":0},"end":{"line":529,"column":24}}},"branchMap":{}},"C:\\Users\\shann\\WebstormProjects\\asdfvibetribe-api\\api\\chat\\chat.route.js":{"path":"C:\\Users\\shann\\WebstormProjects\\asdfvibetribe-api\\api\\chat\\chat.route.js","s":{"1":1,"2":1,"3":1,"4":1,"5":6,"6":1,"7":3,"8":1,"9":1,"10":1,"11":3,"12":1,"13":1,"14":1,"15":3,"16":1},"b":{},"f":{},"fnMap":{},"statementMap":{"1":{"start":{"line":1,"column":0},"end":{"line":1,"column":48}},"2":{"start":{"line":2,"column":0},"end":{"line":2,"column":43}},"3":{"start":{"line":3,"column":0},"end":{"line":3,"column":41}},"4":{"start":{"line":67,"column":0},"end":{"line":72,"column":3}},"5":{"start":{"line":68,"column":4},"end":{"line":71,"column":38}},"6":{"start":{"line":131,"column":0},"end":{"line":136,"column":3}},"7":{"start":{"line":132,"column":4},"end":{"line":135,"column":38}},"8":{"start":{"line":138,"column":0},"end":{"line":143,"column":3}},"9":{"start":{"line":139,"column":4},"end":{"line":142,"column":38}},"10":{"start":{"line":300,"column":0},"end":{"line":305,"column":3}},"11":{"start":{"line":301,"column":4},"end":{"line":304,"column":38}},"12":{"start":{"line":459,"column":0},"end":{"line":464,"column":3}},"13":{"start":{"line":460,"column":4},"end":{"line":463,"column":38}},"14":{"start":{"line":523,"column":0},"end":{"line":528,"column":3}},"15":{"start":{"line":524,"column":4},"end":{"line":527,"column":38}},"16":{"start":{"line":530,"column":0},"end":{"line":530,"column":24}}},"branchMap":{}},"C:\\Users\\shann\\WebstormProjects\\asdfvibetribe-api\\api\\track\\track.route.js":{"path":"C:\\Users\\shann\\WebstormProjects\\asdfvibetribe-api\\api\\track\\track.route.js","s":{"1":1,"2":1,"3":1,"4":1,"5":3,"6":1,"7":3,"8":1,"9":3,"10":1,"11":1,"12":1,"13":1,"14":1,"15":1,"16":1,"17":1,"18":1,"19":1,"20":1,"21":3,"22":1},"b":{},"f":{},"fnMap":{},"statementMap":{"1":{"start":{"line":1,"column":0},"end":{"line":1,"column":49}},"2":{"start":{"line":2,"column":0},"end":{"line":2,"column":43}},"3":{"start":{"line":3,"column":0},"end":{"line":3,"column":41}},"4":{"start":{"line":5,"column":0},"end":{"line":10,"column":3}},"5":{"start":{"line":6,"column":4},"end":{"line":9,"column":38}},"6":{"start":{"line":12,"column":0},"end":{"line":17,"column":3}},"7":{"start":{"line":13,"column":4},"end":{"line":16,"column":38}},"8":{"start":{"line":18,"column":0},"end":{"line":23,"column":3}},"9":{"start":{"line":19,"column":4},"end":{"line":22,"column":38}},"10":{"start":{"line":25,"column":0},"end":{"line":30,"column":3}},"11":{"start":{"line":26,"column":4},"end":{"line":29,"column":38}},"12":{"start":{"line":32,"column":0},"end":{"line":37,"column":3}},"13":{"start":{"line":33,"column":4},"end":{"line":36,"column":38}},"14":{"start":{"line":39,"column":0},"end":{"line":44,"column":3}},"15":{"start":{"line":40,"column":4},"end":{"line":43,"column":38}},"16":{"start":{"line":46,"column":0},"end":{"line":51,"column":3}},"17":{"start":{"line":47,"column":4},"end":{"line":50,"column":38}},"18":{"start":{"line":53,"column":0},"end":{"line":58,"column":3}},"19":{"start":{"line":54,"column":4},"end":{"line":57,"column":38}},"20":{"start":{"line":60,"column":0},"end":{"line":65,"column":3}},"21":{"start":{"line":61,"column":4},"end":{"line":64,"column":38}},"22":{"start":{"line":66,"column":0},"end":{"line":66,"column":24}}},"branchMap":{}},"C:\\Users\\shann\\WebstormProjects\\asdfvibetribe-api\\api\\match\\match.route.js":{"path":"C:\\Users\\shann\\WebstormProjects\\asdfvibetribe-api\\api\\match\\match.route.js","s":{"1":1,"2":1,"3":1,"4":1,"5":6,"6":1,"7":3,"8":1,"9":3,"10":1,"11":1,"12":1,"13":3,"14":1},"b":{},"f":{},"fnMap":{},"statementMap":{"1":{"start":{"line":1,"column":0},"end":{"line":1,"column":49}},"2":{"start":{"line":2,"column":0},"end":{"line":2,"column":43}},"3":{"start":{"line":3,"column":0},"end":{"line":3,"column":41}},"4":{"start":{"line":5,"column":0},"end":{"line":10,"column":3}},"5":{"start":{"line":6,"column":4},"end":{"line":9,"column":38}},"6":{"start":{"line":12,"column":0},"end":{"line":17,"column":3}},"7":{"start":{"line":13,"column":4},"end":{"line":16,"column":38}},"8":{"start":{"line":19,"column":0},"end":{"line":24,"column":3}},"9":{"start":{"line":20,"column":4},"end":{"line":23,"column":38}},"10":{"start":{"line":26,"column":0},"end":{"line":31,"column":3}},"11":{"start":{"line":27,"column":4},"end":{"line":30,"column":38}},"12":{"start":{"line":33,"column":0},"end":{"line":38,"column":3}},"13":{"start":{"line":34,"column":4},"end":{"line":37,"column":38}},"14":{"start":{"line":40,"column":0},"end":{"line":40,"column":24}}},"branchMap":{}},"C:\\Users\\shann\\WebstormProjects\\asdfvibetribe-api\\api\\friend\\friend.route.js":{"path":"C:\\Users\\shann\\WebstormProjects\\asdfvibetribe-api\\api\\friend\\friend.route.js","s":{"1":1,"2":1,"3":1,"4":1,"5":6,"6":1,"7":3,"8":1,"9":3,"10":1,"11":1,"12":1,"13":3,"14":1},"b":{},"f":{},"fnMap":{},"statementMap":{"1":{"start":{"line":1,"column":0},"end":{"line":1,"column":50}},"2":{"start":{"line":2,"column":0},"end":{"line":2,"column":43}},"3":{"start":{"line":3,"column":0},"end":{"line":3,"column":41}},"4":{"start":{"line":5,"column":0},"end":{"line":10,"column":3}},"5":{"start":{"line":6,"column":4},"end":{"line":9,"column":38}},"6":{"start":{"line":12,"column":0},"end":{"line":17,"column":3}},"7":{"start":{"line":13,"column":4},"end":{"line":16,"column":38}},"8":{"start":{"line":18,"column":0},"end":{"line":23,"column":3}},"9":{"start":{"line":19,"column":4},"end":{"line":22,"column":38}},"10":{"start":{"line":24,"column":0},"end":{"line":29,"column":3}},"11":{"start":{"line":25,"column":4},"end":{"line":28,"column":38}},"12":{"start":{"line":31,"column":0},"end":{"line":36,"column":3}},"13":{"start":{"line":32,"column":4},"end":{"line":35,"column":38}},"14":{"start":{"line":38,"column":0},"end":{"line":38,"column":24}}},"branchMap":{}}}