TN:
SF:C:\Users\shann\WebstormProjects\asdfvibetribe-api\config.js
FNF:0
FNH:0
DA:1,1
LF:1
LH:1
BRDA:7,1,0,1
BRDA:7,1,1,1
BRDA:7,1,2,1
BRF:3
BRH:3
end_of_record
TN:
SF:C:\Users\shann\WebstormProjects\asdfvibetribe-api\api\user\user.controller.js
FNF:0
FNH:0
DA:1,1
DA:3,1
DA:6,9
DA:9,9
DA:10,5
DA:15,4
DA:20,2
DA:25,5
LF:8
LH:8
BRDA:9,1,0,4
BRDA:9,1,1,5
BRF:2
BRH:2
end_of_record
TN:
SF:C:\Users\shann\WebstormProjects\asdfvibetribe-api\api\user\user.model.js
FN:24,(anonymous_1)
FNF:1
FNH:1
FNDA:5,(anonymous_1)
DA:1,1
DA:2,1
DA:3,1
DA:4,1
DA:6,1
DA:24,1
DA:25,5
DA:26,5
DA:29,1
LF:9
LH:9
BRDA:25,1,0,1
BRDA:25,1,1,4
BRF:2
BRH:2
end_of_record
TN:
SF:C:\Users\shann\WebstormProjects\asdfvibetribe-api\api\chat\chat.controller.js
FNF:0
FNH:0
DA:1,1
DA:3,1
DA:6,9
DA:9,9
DA:10,5
DA:15,2
DA:18,2
DA:19,2
DA:24,4
DA:30,4
DA:37,2
DA:44,5
LF:12
LH:12
BRDA:9,1,0,4
BRDA:9,1,1,5
BRF:2
BRH:2
end_of_record
TN:
SF:C:\Users\shann\WebstormProjects\asdfvibetribe-api\api\chat\chat.model.js
FN:23,(anonymous_1)
FNF:1
FNH:1
FNDA:7,(anonymous_1)
DA:1,1
DA:2,1
DA:3,1
DA:5,1
DA:23,1
DA:24,7
DA:25,7
DA:26,9
DA:27,7
DA:30,1
DA:31,26
DA:32,34
DA:35,1
LF:13
LH:13
BRDA:24,1,0,1
BRDA:24,1,1,6
BRF:2
BRH:2
end_of_record
TN:
SF:C:\Users\shann\WebstormProjects\asdfvibetribe-api\api\util\relative.js
FNF:0
FNH:0
DA:1,1
DA:3,1
DA:4,137
LF:3
LH:3
BRF:0
BRH:0
end_of_record
TN:
SF:C:\Users\shann\WebstormProjects\asdfvibetribe-api\api\post\post.controller.js
FNF:0
FNH:0
DA:1,1
DA:3,1
DA:6,5
DA:10,2
DA:13,2
DA:14,2
DA:19,4
DA:25,4
DA:32,2
DA:39,5
LF:10
LH:10
BRF:0
BRH:0
end_of_record
TN:
SF:C:\Users\shann\WebstormProjects\asdfvibetribe-api\api\post\post.model.js
FN:22,(anonymous_1)
FNF:1
FNH:1
FNDA:7,(anonymous_1)
DA:1,1
DA:2,1
DA:3,1
DA:5,1
DA:22,1
DA:23,7
DA:24,7
DA:25,9
DA:26,7
DA:29,1
DA:30,22
DA:31,30
DA:35,1
LF:13
LH:13
BRDA:23,1,0,1
BRDA:23,1,1,6
BRF:2
BRH:2
end_of_record
TN:
SF:C:\Users\shann\WebstormProjects\asdfvibetribe-api\api\friend\friend.controller.js
FNF:0
FNH:0
DA:1,1
DA:3,1
DA:6,9
DA:9,9
DA:10,5
DA:15,4
DA:21,4
DA:28,2
DA:35,5
LF:9
LH:9
BRDA:9,1,0,4
BRDA:9,1,1,5
BRF:2
BRH:2
end_of_record
TN:
SF:C:\Users\shann\WebstormProjects\asdfvibetribe-api\api\friend\friend.model.js
FN:11,(anonymous_1)
FNF:1
FNH:1
FNDA:5,(anonymous_1)
DA:1,1
DA:2,1
DA:4,1
DA:11,1
DA:12,5
DA:13,5
DA:16,1
LF:7
LH:7
BRDA:12,1,0,1
BRDA:12,1,1,4
BRF:2
BRH:2
end_of_record
TN:
SF:C:\Users\shann\WebstormProjects\asdfvibetribe-api\api\match\match.controller.js
FNF:0
FNH:0
DA:1,1
DA:3,1
DA:6,9
DA:9,9
DA:10,5
DA:15,4
DA:21,4
DA:28,2
DA:35,5
LF:9
LH:9
BRDA:9,1,0,4
BRDA:9,1,1,5
BRF:2
BRH:2
end_of_record
TN:
SF:C:\Users\shann\WebstormProjects\asdfvibetribe-api\api\match\match.model.js
FN:11,(anonymous_1)
FNF:1
FNH:1
FNDA:5,(anonymous_1)
DA:1,1
DA:2,1
DA:4,1
DA:11,1
DA:12,5
DA:13,5
DA:16,1
LF:7
LH:7
BRDA:12,1,0,1
BRDA:12,1,1,4
BRF:2
BRH:2
end_of_record
TN:
SF:C:\Users\shann\WebstormProjects\asdfvibetribe-api\api\track\track.controller.js
FNF:0
FNH:0
DA:1,1
DA:2,1
DA:3,1
DA:4,1
DA:5,1
DA:6,1
DA:9,1
DA:12,5
DA:17,4
DA:23,2
DA:26,2
DA:27,4
DA:29,2
DA:34,2
DA:37,2
DA:38,4
DA:40,2
DA:45,2
DA:52,4
DA:59,2
DA:66,5
DA:71,2
DA:73,1
DA:75,1
DA:78,2
LF:25
LH:25
BRDA:27,1,0,2
BRDA:27,1,1,2
BRDA:38,2,0,2
BRDA:38,2,1,2
BRF:4
BRH:4
end_of_record
TN:
SF:C:\Users\shann\WebstormProjects\asdfvibetribe-api\api\track\track.model.js
FN:24,(anonymous_1)
FNF:1
FNH:1
FNDA:5,(anonymous_1)
DA:1,1
DA:2,1
DA:3,1
DA:4,1
DA:6,1
DA:24,1
DA:25,5
DA:26,5
DA:27,5
DA:30,1
DA:31,25
DA:34,1
LF:12
LH:12
BRDA:25,1,0,1
BRDA:25,1,1,4
BRF:2
BRH:2
end_of_record
TN:
SF:C:\Users\shann\WebstormProjects\asdfvibetribe-api\index.js
FNF:0
FNH:0
DA:1,1
DA:2,1
DA:3,1
DA:4,1
DA:5,1
DA:6,1
DA:7,1
DA:8,1
DA:9,1
DA:11,1
DA:12,1
DA:13,1
DA:14,1
DA:16,1
DA:17,1
DA:18,1
DA:19,1
DA:20,1
DA:22,1
DA:23,1
DA:24,1
DA:25,1
DA:26,1
DA:28,1
DA:30,1
LF:25
LH:25
BRDA:28,1,0,0
BRDA:28,1,1,1
BRF:2
BRH:1
end_of_record
TN:
SF:C:\Users\shann\WebstormProjects\asdfvibetribe-api\api\index.js
FNF:0
FNH:0
DA:1,1
DA:3,1
DA:4,1
DA:5,1
DA:6,1
DA:7,1
DA:8,1
DA:10,1
LF:8
LH:8
BRF:0
BRH:0
end_of_record
TN:
SF:C:\Users\shann\WebstormProjects\asdfvibetribe-api\api\user\user.route.js
FNF:0
FNH:0
DA:1,1
DA:2,1
DA:3,1
DA:5,1
DA:6,6
DA:12,1
DA:13,3
DA:19,1
DA:20,1
DA:26,1
DA:27,3
DA:33,1
LF:12
LH:12
BRF:0
BRH:0
end_of_record
TN:
SF:C:\Users\shann\WebstormProjects\asdfvibetribe-api\api\util\status.js
FNF:0
FNH:0
DA:1,1
DA:4,93
DA:8,93
LF:3
LH:3
BRF:0
BRH:0
end_of_record
TN:
SF:C:\Users\shann\WebstormProjects\asdfvibetribe-api\api\post\post.route.js
FNF:0
FNH:0
DA:1,1
DA:2,1
DA:3,1
DA:67,1
DA:68,3
DA:131,1
DA:132,3
DA:138,1
DA:139,1
DA:299,1
DA:300,3
DA:458,1
DA:459,1
DA:522,1
DA:523,3
DA:529,1
LF:16
LH:16
BRF:0
BRH:0
end_of_record
TN:
SF:C:\Users\shann\WebstormProjects\asdfvibetribe-api\api\chat\chat.route.js
FNF:0
FNH:0
DA:1,1
DA:2,1
DA:3,1
DA:67,1
DA:68,6
DA:131,1
DA:132,3
DA:138,1
DA:139,1
DA:300,1
DA:301,3
DA:459,1
DA:460,1
DA:523,1
DA:524,3
DA:530,1
LF:16
LH:16
BRF:0
BRH:0
end_of_record
TN:
SF:C:\Users\shann\WebstormProjects\asdfvibetribe-api\api\track\track.route.js
FNF:0
FNH:0
DA:1,1
DA:2,1
DA:3,1
DA:5,1
DA:6,3
DA:12,1
DA:13,3
DA:18,1
DA:19,3
DA:25,1
DA:26,1
DA:32,1
DA:33,1
DA:39,1
DA:40,1
DA:46,1
DA:47,1
DA:53,1
DA:54,1
DA:60,1
DA:61,3
DA:66,1
LF:22
LH:22
BRF:0
BRH:0
end_of_record
TN:
SF:C:\Users\shann\WebstormProjects\asdfvibetribe-api\api\match\match.route.js
FNF:0
FNH:0
DA:1,1
DA:2,1
DA:3,1
DA:5,1
DA:6,6
DA:12,1
DA:13,3
DA:19,1
DA:20,3
DA:26,1
DA:27,1
DA:33,1
DA:34,3
DA:40,1
LF:14
LH:14
BRF:0
BRH:0
end_of_record
TN:
SF:C:\Users\shann\WebstormProjects\asdfvibetribe-api\api\friend\friend.route.js
FNF:0
FNH:0
DA:1,1
DA:2,1
DA:3,1
DA:5,1
DA:6,6
DA:12,1
DA:13,3
DA:18,1
DA:19,3
DA:24,1
DA:25,1
DA:31,1
DA:32,3
DA:38,1
LF:14
LH:14
BRF:0
BRH:0
end_of_record
