TN:
SF:C:\Users\shann\WebstormProjects\vibetribe-api\api\user\user.controller.js
FNF:0
FNH:0
DA:1,1
DA:3,1
DA:6,9
DA:9,9
DA:10,5
DA:15,4
DA:19,2
DA:23,5
LF:8
LH:8
BRDA:9,1,0,4
BRDA:9,1,1,5
BRF:2
BRH:2
end_of_record
TN:
SF:C:\Users\shann\WebstormProjects\vibetribe-api\api\user\user.model.js
FN:24,(anonymous_1)
FNF:1
FNH:1
FNDA:5,(anonymous_1)
DA:1,1
DA:2,1
DA:3,1
DA:4,1
DA:6,1
DA:24,1
DA:25,5
DA:26,5
DA:29,1
LF:9
LH:9
BRDA:25,1,0,1
BRDA:25,1,1,4
BRF:2
BRH:2
end_of_record
TN:
SF:C:\Users\shann\WebstormProjects\vibetribe-api\config.js
FNF:0
FNH:0
DA:1,1
LF:1
LH:1
BRF:0
BRH:0
end_of_record
TN:
SF:C:\Users\shann\WebstormProjects\vibetribe-api\api\track\track.controller.js
FNF:0
FNH:0
DA:1,1
DA:3,1
DA:6,5
DA:10,4
DA:14,4
DA:18,2
DA:22,5
LF:7
LH:7
BRF:0
BRH:0
end_of_record
TN:
SF:C:\Users\shann\WebstormProjects\vibetribe-api\api\track\track.model.js
FN:24,(anonymous_1)
FNF:1
FNH:1
FNDA:5,(anonymous_1)
DA:1,1
DA:2,1
DA:3,1
DA:4,1
DA:6,1
DA:24,1
DA:25,5
DA:26,5
DA:27,5
DA:30,1
DA:31,17
DA:34,1
LF:12
LH:12
BRDA:25,1,0,1
BRDA:25,1,1,4
BRF:2
BRH:2
end_of_record
TN:
SF:C:\Users\shann\WebstormProjects\vibetribe-api\api\util\relative.js
FNF:0
FNH:0
DA:1,1
DA:3,1
DA:4,65
LF:3
LH:3
BRF:0
BRH:0
end_of_record
TN:
SF:C:\Users\shann\WebstormProjects\vibetribe-api\api\match\match.controller.js
FNF:0
FNH:0
DA:1,1
DA:3,1
DA:6,9
DA:9,9
DA:10,5
DA:15,4
DA:19,4
DA:23,2
DA:27,5
LF:9
LH:9
BRDA:9,1,0,4
BRDA:9,1,1,5
BRF:2
BRH:2
end_of_record
TN:
SF:C:\Users\shann\WebstormProjects\vibetribe-api\api\match\match.model.js
FN:11,(anonymous_1)
FNF:1
FNH:1
FNDA:5,(anonymous_1)
DA:1,1
DA:2,1
DA:4,1
DA:11,1
DA:12,5
DA:13,5
DA:16,1
LF:7
LH:7
BRDA:12,1,0,1
BRDA:12,1,1,4
BRF:2
BRH:2
end_of_record
TN:
SF:C:\Users\shann\WebstormProjects\vibetribe-api\api\friend\friend.controller.js
FNF:0
FNH:0
DA:1,1
DA:3,1
DA:6,9
DA:9,9
DA:10,5
DA:15,4
DA:19,4
DA:23,2
DA:27,5
LF:9
LH:9
BRDA:9,1,0,4
BRDA:9,1,1,5
BRF:2
BRH:2
end_of_record
TN:
SF:C:\Users\shann\WebstormProjects\vibetribe-api\api\friend\friend.model.js
FN:11,(anonymous_1)
FNF:1
FNH:1
FNDA:5,(anonymous_1)
DA:1,1
DA:2,1
DA:4,1
DA:11,1
DA:12,5
DA:13,5
DA:16,1
LF:7
LH:7
BRDA:12,1,0,1
BRDA:12,1,1,4
BRF:2
BRH:2
end_of_record
TN:
SF:C:\Users\shann\WebstormProjects\vibetribe-api\api\chat\chat.controller.js
FNF:0
FNH:0
DA:1,1
DA:3,1
DA:6,9
DA:9,9
DA:10,5
DA:15,4
DA:19,4
DA:23,2
DA:27,5
LF:9
LH:9
BRDA:9,1,0,4
BRDA:9,1,1,5
BRF:2
BRH:2
end_of_record
TN:
SF:C:\Users\shann\WebstormProjects\vibetribe-api\api\chat\chat.model.js
FN:23,(anonymous_1)
FNF:1
FNH:1
FNDA:5,(anonymous_1)
DA:1,1
DA:2,1
DA:3,1
DA:5,1
DA:23,1
DA:24,5
DA:25,5
DA:26,5
DA:27,5
DA:30,1
DA:31,24
DA:32,24
DA:35,1
LF:13
LH:13
BRDA:24,1,0,1
BRDA:24,1,1,4
BRF:2
BRH:2
end_of_record
TN:
SF:C:\Users\shann\WebstormProjects\vibetribe-api\index.js
FNF:0
FNH:0
DA:1,1
DA:2,1
DA:3,1
DA:4,1
DA:5,1
DA:6,1
DA:8,1
DA:9,1
DA:10,1
DA:12,1
DA:13,1
DA:14,1
DA:16,1
DA:17,1
DA:18,1
DA:20,1
DA:21,1
DA:23,1
DA:25,1
LF:19
LH:19
BRDA:20,1,0,1
BRDA:20,1,1,1
BRDA:20,1,2,1
BRDA:21,2,0,1
BRDA:21,2,1,0
BRDA:23,3,0,0
BRDA:23,3,1,1
BRF:7
BRH:5
end_of_record
TN:
SF:C:\Users\shann\WebstormProjects\vibetribe-api\api\index.js
FNF:0
FNH:0
DA:1,1
DA:3,1
DA:4,1
DA:5,1
DA:6,1
DA:7,1
DA:8,1
DA:10,1
LF:8
LH:8
BRF:0
BRH:0
end_of_record
TN:
SF:C:\Users\shann\WebstormProjects\vibetribe-api\api\user\user.route.js
FNF:0
FNH:0
DA:1,1
DA:2,1
DA:3,1
DA:5,1
DA:6,6
DA:12,1
DA:13,3
DA:19,1
DA:20,1
DA:26,1
DA:27,3
DA:33,1
LF:12
LH:12
BRF:0
BRH:0
end_of_record
TN:
SF:C:\Users\shann\WebstormProjects\vibetribe-api\api\util\status.js
FNF:0
FNH:0
DA:1,1
DA:4,74
DA:8,74
LF:3
LH:3
BRF:0
BRH:0
end_of_record
TN:
SF:C:\Users\shann\WebstormProjects\vibetribe-api\api\post\post.route.js
FNF:0
FNH:0
DA:1,1
DA:2,1
DA:3,1
DA:5,1
DA:6,0
DA:12,1
DA:13,0
DA:18,1
DA:19,0
DA:24,1
DA:25,0
DA:31,1
DA:32,0
DA:37,1
LF:14
LH:9
BRF:0
BRH:0
end_of_record
TN:
SF:C:\Users\shann\WebstormProjects\vibetribe-api\api\post\post.controller.js
FNF:0
FNH:0
DA:1,1
DA:3,1
DA:6,0
DA:10,0
DA:14,0
DA:18,0
DA:22,0
LF:7
LH:2
BRF:0
BRH:0
end_of_record
TN:
SF:C:\Users\shann\WebstormProjects\vibetribe-api\api\post\post.model.js
FN:22,(anonymous_1)
FNF:1
FNH:0
FNDA:0,(anonymous_1)
DA:1,1
DA:2,1
DA:3,1
DA:5,1
DA:22,1
DA:23,0
DA:24,0
DA:25,0
DA:26,0
DA:29,1
DA:30,0
DA:31,0
DA:35,1
LF:13
LH:7
BRDA:23,1,0,0
BRDA:23,1,1,0
BRF:2
BRH:0
end_of_record
TN:
SF:C:\Users\shann\WebstormProjects\vibetribe-api\api\chat\chat.route.js
FNF:0
FNH:0
DA:1,1
DA:2,1
DA:3,1
DA:5,1
DA:6,6
DA:12,1
DA:13,3
DA:18,1
DA:19,3
DA:24,1
DA:25,1
DA:31,1
DA:32,3
DA:38,1
LF:14
LH:14
BRF:0
BRH:0
end_of_record
TN:
SF:C:\Users\shann\WebstormProjects\vibetribe-api\api\track\track.route.js
FNF:0
FNH:0
DA:1,1
DA:2,1
DA:3,1
DA:5,1
DA:6,3
DA:12,1
DA:13,3
DA:18,1
DA:19,3
DA:24,1
DA:25,1
DA:31,1
DA:32,3
DA:37,1
LF:14
LH:14
BRF:0
BRH:0
end_of_record
TN:
SF:C:\Users\shann\WebstormProjects\vibetribe-api\api\match\match.route.js
FNF:0
FNH:0
DA:1,1
DA:2,1
DA:3,1
DA:5,1
DA:6,6
DA:12,1
DA:13,3
DA:19,1
DA:20,3
DA:26,1
DA:27,1
DA:33,1
DA:34,3
DA:40,1
LF:14
LH:14
BRF:0
BRH:0
end_of_record
TN:
SF:C:\Users\shann\WebstormProjects\vibetribe-api\api\friend\friend.route.js
FNF:0
FNH:0
DA:1,1
DA:2,1
DA:3,1
DA:5,1
DA:6,6
DA:12,1
DA:13,3
DA:18,1
DA:19,3
DA:24,1
DA:25,1
DA:31,1
DA:32,3
DA:38,1
LF:14
LH:14
BRF:0
BRH:0
end_of_record
